/*C1*/SET SCHEMA SYSTEM_LOBS
INSERT INTO LOB_IDS VALUES(76,0,0,40)
COMMIT
ALTER SEQUENCE SYSTEM_LOBS.LOB_ID RESTART WITH 77
INSERT INTO LOB_IDS VALUES(77,0,0,40)
COMMIT
ALTER SEQUENCE SYSTEM_LOBS.LOB_ID RESTART WITH 78
INSERT INTO LOB_IDS VALUES(78,16016,0,30)
COMMIT
ALTER SEQUENCE SYSTEM_LOBS.LOB_ID RESTART WITH 79
DELETE FROM BLOCKS WHERE BLOCK_ADDR=15
INSERT INTO BLOCKS VALUES(15,1,0)
INSERT INTO BLOCKS VALUES(16,2147483631,0)
DELETE FROM BLOCKS WHERE BLOCK_ADDR=15
INSERT INTO LOBS VALUES(15,1,0,78)
COMMIT
INSERT INTO LOB_IDS VALUES(79,0,0,40)
COMMIT
ALTER SEQUENCE SYSTEM_LOBS.LOB_ID RESTART WITH 80
INSERT INTO LOB_IDS VALUES(80,0,0,40)
COMMIT
ALTER SEQUENCE SYSTEM_LOBS.LOB_ID RESTART WITH 81
/*C6*/SET SCHEMA PUBLIC
INSERT INTO CAPTCHASAMPLE VALUES(16,0.0E0,76,77,'0',NULL,NULL,NULL,NULL,NULL,NULL)
INSERT INTO CAPTCHAIMAGE VALUES(16,NULL,78)
DELETE FROM CAPTCHASAMPLE WHERE ID=16
INSERT INTO CAPTCHASAMPLE VALUES(16,0.0E0,79,80,'0',NULL,NULL,16,1,NULL,NULL)
SET SCHEMA SYSTEM_LOBS
DELETE FROM LOB_IDS WHERE LOB_ID=76
INSERT INTO LOB_IDS VALUES(76,0,1,40)
DELETE FROM LOB_IDS WHERE LOB_ID=77
INSERT INTO LOB_IDS VALUES(77,0,1,40)
DELETE FROM LOB_IDS WHERE LOB_ID=78
INSERT INTO LOB_IDS VALUES(78,16016,1,30)
DELETE FROM LOB_IDS WHERE LOB_ID=76
INSERT INTO LOB_IDS VALUES(76,0,0,40)
DELETE FROM LOB_IDS WHERE LOB_ID=77
INSERT INTO LOB_IDS VALUES(77,0,0,40)
DELETE FROM LOB_IDS WHERE LOB_ID=79
INSERT INTO LOB_IDS VALUES(79,0,1,40)
DELETE FROM LOB_IDS WHERE LOB_ID=80
INSERT INTO LOB_IDS VALUES(80,0,1,40)
COMMIT
/*C5*/SET SCHEMA PUBLIC
DISCONNECT
/*C6*/SET SCHEMA PUBLIC
DISCONNECT
